02-13 11:57:35.768 17818 17818 F DEBUG   : pid: 17373, tid: 17475, name: mqt_v_js  >>> com.cumulussoftware.memcpyrepro <<<
02-13 11:57:35.768 17818 17818 F DEBUG   : uid: 10309
02-13 11:57:35.768 17818 17818 F DEBUG   : tagged_addr_ctrl: 0000000000000001 (PR_TAGGED_ADDR_ENABLE)
02-13 11:57:35.768 17818 17818 F DEBUG   : pac_enabled_keys: 000000000000000f (PR_PAC_APIAKEY, PR_PAC_APIBKEY, PR_PAC_APDAKEY, PR_PAC_APDBKEY)
02-13 11:57:35.768 17818 17818 F DEBUG   : signal 6 (SIGABRT), code -1 (SI_QUEUE), fault addr --------
02-13 11:57:35.768 17818 17818 F DEBUG   : Abort message: 'Scudo ERROR: corrupted chunk header at address 0x200007c5c25fd70: most likely due to memory corruption'
02-13 11:57:35.768 17818 17818 F DEBUG   :     x0  0000000000000000  x1  0000000000004443  x2  0000000000000006  x3  00000079b7bad320
02-13 11:57:35.768 17818 17818 F DEBUG   :     x4  6064671f6a6d7467  x5  6064671f6a6d7467  x6  6064671f6a6d7467  x7  7f7f7f7f7f7f7f7f
02-13 11:57:35.768 17818 17818 F DEBUG   :     x8  00000000000000f0  x9  7617f4137eabec7f  x10 000000ff00000020  x11 0000000000000000
02-13 11:57:35.768 17818 17818 F DEBUG   :     x12 00000000698f11af  x13 000000007fffffff  x14 0000000002b16f74  x15 000007ab34b65b37
02-13 11:57:35.768 17818 17818 F DEBUG   :     x16 0000007dec3940f8  x17 0000007dec37af80  x18 00000079ada20000  x19 00000000000043dd
02-13 11:57:35.768 17818 17818 F DEBUG   :     x20 0000000000004443  x21 00000000ffffffff  x22 00000079a7bd9750  x23 0000001075493998
02-13 11:57:35.768 17818 17818 F DEBUG   :     x24 0000000000000028  x25 0000001074400390  x26 00000079a7bda388  x27 0000000000000008
02-13 11:57:35.768 17818 17818 F DEBUG   :     x28 00000079a7bda38c  x29 00000079b7bad3a0
02-13 11:57:35.768 17818 17818 F DEBUG   :     lr  0000007dec316218  sp  00000079b7bad320  pc  0000007dec31623c  pst 0000000000001000
02-13 11:57:35.768 17818 17818 F DEBUG   : 83 total frames
02-13 11:57:35.768 17818 17818 F DEBUG   : backtrace:
02-13 11:57:35.768 17818 17818 F DEBUG   :       #00 pc 000000000007123c  /apex/com.android.runtime/lib64/bionic/libc.so (abort+160) (BuildId: 6a50862a1672da0b4251317f62857e71)
02-13 11:57:35.768 17818 17818 F DEBUG   :       #01 pc 000000000005d26c  /apex/com.android.runtime/lib64/bionic/libc.so (scudo::die()+12) (BuildId: 6a50862a1672da0b4251317f62857e71)
02-13 11:57:35.768 17818 17818 F DEBUG   :       #02 pc 000000000005dcbc  /apex/com.android.runtime/lib64/bionic/libc.so (scudo::reportRawError(char const*)+32) (BuildId: 6a50862a1672da0b4251317f62857e71)
02-13 11:57:35.768 17818 17818 F DEBUG   :       #03 pc 000000000005dc30  /apex/com.android.runtime/lib64/bionic/libc.so (scudo::ScopedErrorReport::~ScopedErrorReport()+16) (BuildId: 6a50862a1672da0b4251317f62857e71)
02-13 11:57:35.768 17818 17818 F DEBUG   :       #04 pc 000000000005de18  /apex/com.android.runtime/lib64/bionic/libc.so (scudo::reportHeaderCorruption(void*, void*)+228) (BuildId: 6a50862a1672da0b4251317f62857e71)
02-13 11:57:35.768 17818 17818 F DEBUG   :       #05 pc 000000000005f7d0  /apex/com.android.runtime/lib64/bionic/libc.so (scudo::Allocator<scudo::AndroidNormalConfig, &scudo_malloc_postinit>::deallocate(void*, scudo::Chunk::Origin, unsigned long, unsigned long)+288) (BuildId: 6a50862a1672da0b4251317f62857e71)
02-13 11:57:35.768 17818 17818 F DEBUG   :       #06 pc 0000000000258e50  /data/app/~~5agheAs0dJOnJX8fsNGItg==/com.cumulussoftware.memcpyrepro-uR1jrDzsVP-IW9ipbPlLDQ==/base.apk!libhermes.so (offset 0x1170000) (BuildId: bc9c540d5e0f8652717771ec980a6d535dc34e0e)
02-13 11:57:35.768 17818 17818 F DEBUG   :       #07 pc 000000000025b7d4  /data/app/~~5agheAs0dJOnJX8fsNGItg==/com.cumulussoftware.memcpyrepro-uR1jrDzsVP-IW9ipbPlLDQ==/base.apk!libhermes.so (offset 0x1170000) (BuildId: bc9c540d5e0f8652717771ec980a6d535dc34e0e)
02-13 11:57:35.768 17818 17818 F DEBUG   :       #08 pc 0000000000169be0  /data/app/~~5agheAs0dJOnJX8fsNGItg==/com.cumulussoftware.memcpyrepro-uR1jrDzsVP-IW9ipbPlLDQ==/base.apk!libhermes.so (offset 0x1170000) (BuildId: bc9c540d5e0f8652717771ec980a6d535dc34e0e)
02-13 11:57:35.768 17818 17818 F DEBUG   :       #09 pc 0000000000160770  /data/app/~~5agheAs0dJOnJX8fsNGItg==/com.cumulussoftware.memcpyrepro-uR1jrDzsVP-IW9ipbPlLDQ==/base.apk!libhermes.so (offset 0x1170000) (BuildId: bc9c540d5e0f8652717771ec980a6d535dc34e0e)
02-13 11:57:35.768 17818 17818 F DEBUG   :       #10 pc 0000000000188e58  /data/app/~~5agheAs0dJOnJX8fsNGItg==/com.cumulussoftware.memcpyrepro-uR1jrDzsVP-IW9ipbPlLDQ==/base.apk!libhermes.so (offset 0x1170000) (BuildId: bc9c540d5e0f8652717771ec980a6d535dc34e0e)
02-13 11:57:35.768 17818 17818 F DEBUG   :       #11 pc 0000000000184a24  /data/app/~~5agheAs0dJOnJX8fsNGItg==/com.cumulussoftware.memcpyrepro-uR1jrDzsVP-IW9ipbPlLDQ==/base.apk!libhermes.so (offset 0x1170000) (BuildId: bc9c540d5e0f8652717771ec980a6d535dc34e0e)
02-13 11:57:35.768 17818 17818 F DEBUG   :       #12 pc 0000000000165b24  /data/app/~~5agheAs0dJOnJX8fsNGItg==/com.cumulussoftware.memcpyrepro-uR1jrDzsVP-IW9ipbPlLDQ==/base.apk!libhermes.so (offset 0x1170000) (BuildId: bc9c540d5e0f8652717771ec980a6d535dc34e0e)
02-13 11:57:35.768 17818 17818 F DEBUG   :       #13 pc 00000000002097bc  /data/app/~~5agheAs0dJOnJX8fsNGItg==/com.cumulussoftware.memcpyrepro-uR1jrDzsVP-IW9ipbPlLDQ==/base.apk!libhermes.so (offset 0x1170000) (BuildId: bc9c540d5e0f8652717771ec980a6d535dc34e0e)
02-13 11:57:35.768 17818 17818 F DEBUG   :       #14 pc 00000000001642b4  /data/app/~~5agheAs0dJOnJX8fsNGItg==/com.cumulussoftware.memcpyrepro-uR1jrDzsVP-IW9ipbPlLDQ==/base.apk!libhermes.so (offset 0x1170000) (BuildId: bc9c540d5e0f8652717771ec980a6d535dc34e0e)
02-13 11:57:35.768 17818 17818 F DEBUG   :       #15 pc 000000000018551c  /data/app/~~5agheAs0dJOnJX8fsNGItg==/com.cumulussoftware.memcpyrepro-uR1jrDzsVP-IW9ipbPlLDQ==/base.apk!libhermes.so (offset 0x1170000) (BuildId: bc9c540d5e0f8652717771ec980a6d535dc34e0e)
02-13 11:57:35.768 17818 17818 F DEBUG   :       #16 pc 0000000000184a24  /data/app/~~5agheAs0dJOnJX8fsNGItg==/com.cumulussoftware.memcpyrepro-uR1jrDzsVP-IW9ipbPlLDQ==/base.apk!libhermes.so (offset 0x1170000) (BuildId: bc9c540d5e0f8652717771ec980a6d535dc34e0e)
02-13 11:57:35.768 17818 17818 F DEBUG   :       #17 pc 000000000016482c  /data/app/~~5agheAs0dJOnJX8fsNGItg==/com.cumulussoftware.memcpyrepro-uR1jrDzsVP-IW9ipbPlLDQ==/base.apk!libhermes.so (offset 0x1170000) (BuildId: bc9c540d5e0f8652717771ec980a6d535dc34e0e)
02-13 11:57:35.768 17818 17818 F DEBUG   :       #18 pc 0000000000161804  /data/app/~~5agheAs0dJOnJX8fsNGItg==/com.cumulussoftware.memcpyrepro-uR1jrDzsVP-IW9ipbPlLDQ==/base.apk!libhermes.so (offset 0x1170000) (BuildId: bc9c540d5e0f8652717771ec980a6d535dc34e0e)
02-13 11:57:35.768 17818 17818 F DEBUG   :       #19 pc 00000000001cb664  /data/app/~~5agheAs0dJOnJX8fsNGItg==/com.cumulussoftware.memcpyrepro-uR1jrDzsVP-IW9ipbPlLDQ==/base.apk!libhermes.so (offset 0x1170000) (BuildId: bc9c540d5e0f8652717771ec980a6d535dc34e0e)
02-13 11:57:35.769 17818 17818 F DEBUG   :       #20 pc 00000000000cc440  /data/app/~~5agheAs0dJOnJX8fsNGItg==/com.cumulussoftware.memcpyrepro-uR1jrDzsVP-IW9ipbPlLDQ==/base.apk!libhermes.so (offset 0x1170000) (BuildId: bc9c540d5e0f8652717771ec980a6d535dc34e0e)
02-13 11:57:35.769 17818 17818 F DEBUG   :       #21 pc 0000000000dab2fc  /data/app/~~5agheAs0dJOnJX8fsNGItg==/com.cumulussoftware.memcpyrepro-uR1jrDzsVP-IW9ipbPlLDQ==/base.apk!libreactnative.so (offset 0x19ec000) (facebook::react::RuntimeScheduler_Modern::performMicrotaskCheckpoint(facebook::jsi::Runtime&)+140) (BuildId: 1695c17f23bd1ede)
02-13 11:57:35.769 17818 17818 F DEBUG   :       #22 pc 0000000000dab174  /data/app/~~5agheAs0dJOnJX8fsNGItg==/com.cumulussoftware.memcpyrepro-uR1jrDzsVP-IW9ipbPlLDQ==/base.apk!libreactnative.so (offset 0x19ec000) (facebook::react::RuntimeScheduler_Modern::runEventLoopTick(facebook::jsi::Runtime&, facebook::react::Task&)+220) (BuildId: 1695c17f23bd1ede)
02-13 11:57:35.769 17818 17818 F DEBUG   :       #23 pc 0000000000daaee0  /data/app/~~5agheAs0dJOnJX8fsNGItg==/com.cumulussoftware.memcpyrepro-uR1jrDzsVP-IW9ipbPlLDQ==/base.apk!libreactnative.so (offset 0x19ec000) (facebook::react::RuntimeScheduler_Modern::runEventLoop(facebook::jsi::Runtime&)+140) (BuildId: 1695c17f23bd1ede)
02-13 11:57:35.769 17818 17818 F DEBUG   :       #24 pc 0000000000db1538  /data/app/~~5agheAs0dJOnJX8fsNGItg==/com.cumulussoftware.memcpyrepro-uR1jrDzsVP-IW9ipbPlLDQ==/base.apk!libreactnative.so (offset 0x19ec000) (BuildId: 1695c17f23bd1ede)
02-13 11:57:35.769 17818 17818 F DEBUG   :       #25 pc 0000000000db1508  /data/app/~~5agheAs0dJOnJX8fsNGItg==/com.cumulussoftware.memcpyrepro-uR1jrDzsVP-IW9ipbPlLDQ==/base.apk!libreactnative.so (offset 0x19ec000) (BuildId: 1695c17f23bd1ede)
02-13 11:57:35.769 17818 17818 F DEBUG   :       #26 pc 0000000000db14b8  /data/app/~~5agheAs0dJOnJX8fsNGItg==/com.cumulussoftware.memcpyrepro-uR1jrDzsVP-IW9ipbPlLDQ==/base.apk!libreactnative.so (offset 0x19ec000) (BuildId: 1695c17f23bd1ede)
02-13 11:57:35.769 17818 17818 F DEBUG   :       #27 pc 0000000000db148c  /data/app/~~5agheAs0dJOnJX8fsNGItg==/com.cumulussoftware.memcpyrepro-uR1jrDzsVP-IW9ipbPlLDQ==/base.apk!libreactnative.so (offset 0x19ec000) (BuildId: 1695c17f23bd1ede)
02-13 11:57:35.769 17818 17818 F DEBUG   :       #28 pc 0000000000db057c  /data/app/~~5agheAs0dJOnJX8fsNGItg==/com.cumulussoftware.memcpyrepro-uR1jrDzsVP-IW9ipbPlLDQ==/base.apk!libreactnative.so (offset 0x19ec000) (BuildId: 1695c17f23bd1ede)
02-13 11:57:35.769 17818 17818 F DEBUG   :       #29 pc 00000000008fd754  /data/app/~~5agheAs0dJOnJX8fsNGItg==/com.cumulussoftware.memcpyrepro-uR1jrDzsVP-IW9ipbPlLDQ==/base.apk!libreactnative.so (offset 0x19ec000) (BuildId: 1695c17f23bd1ede)
02-13 11:57:35.769 17818 17818 F DEBUG   :       #30 pc 00000000008fd600  /data/app/~~5agheAs0dJOnJX8fsNGItg==/com.cumulussoftware.memcpyrepro-uR1jrDzsVP-IW9ipbPlLDQ==/base.apk!libreactnative.so (offset 0x19ec000) (BuildId: 1695c17f23bd1ede)
02-13 11:57:35.769 17818 17818 F DEBUG   :       #31 pc 00000000008fd344  /data/app/~~5agheAs0dJOnJX8fsNGItg==/com.cumulussoftware.memcpyrepro-uR1jrDzsVP-IW9ipbPlLDQ==/base.apk!libreactnative.so (offset 0x19ec000) (BuildId: 1695c17f23bd1ede)
02-13 11:57:35.769 17818 17818 F DEBUG   :       #32 pc 00000000008fd2ac  /data/app/~~5agheAs0dJOnJX8fsNGItg==/com.cumulussoftware.memcpyrepro-uR1jrDzsVP-IW9ipbPlLDQ==/base.apk!libreactnative.so (offset 0x19ec000) (BuildId: 1695c17f23bd1ede)
02-13 11:57:35.769 17818 17818 F DEBUG   :       #33 pc 00000000008fd264  /data/app/~~5agheAs0dJOnJX8fsNGItg==/com.cumulussoftware.memcpyrepro-uR1jrDzsVP-IW9ipbPlLDQ==/base.apk!libreactnative.so (offset 0x19ec000) (BuildId: 1695c17f23bd1ede)
02-13 11:57:35.769 17818 17818 F DEBUG   :       #34 pc 00000000008fd240  /data/app/~~5agheAs0dJOnJX8fsNGItg==/com.cumulussoftware.memcpyrepro-uR1jrDzsVP-IW9ipbPlLDQ==/base.apk!libreactnative.so (offset 0x19ec000) (BuildId: 1695c17f23bd1ede)
02-13 11:57:35.769 17818 17818 F DEBUG   :       #35 pc 00000000008fc2d8  /data/app/~~5agheAs0dJOnJX8fsNGItg==/com.cumulussoftware.memcpyrepro-uR1jrDzsVP-IW9ipbPlLDQ==/base.apk!libreactnative.so (offset 0x19ec000) (BuildId: 1695c17f23bd1ede)
02-13 11:57:35.769 17818 17818 F DEBUG   :       #36 pc 0000000000a62e08  /data/app/~~5agheAs0dJOnJX8fsNGItg==/com.cumulussoftware.memcpyrepro-uR1jrDzsVP-IW9ipbPlLDQ==/base.apk!libreactnative.so (offset 0x19ec000) (BuildId: 1695c17f23bd1ede)
02-13 11:57:35.769 17818 17818 F DEBUG   :       #37 pc 0000000000a62dcc  /data/app/~~5agheAs0dJOnJX8fsNGItg==/com.cumulussoftware.memcpyrepro-uR1jrDzsVP-IW9ipbPlLDQ==/base.apk!libreactnative.so (offset 0x19ec000) (BuildId: 1695c17f23bd1ede)
02-13 11:57:35.769 17818 17818 F DEBUG   :       #38 pc 0000000000ea1598  /data/app/~~5agheAs0dJOnJX8fsNGItg==/com.cumulussoftware.memcpyrepro-uR1jrDzsVP-IW9ipbPlLDQ==/base.apk!libreactnative.so (offset 0x19ec000) (BuildId: 1695c17f23bd1ede)
02-13 11:57:35.769 17818 17818 F DEBUG   :       #39 pc 0000000000ea153c  /data/app/~~5agheAs0dJOnJX8fsNGItg==/com.cumulussoftware.memcpyrepro-uR1jrDzsVP-IW9ipbPlLDQ==/base.apk!libreactnative.so (offset 0x19ec000) (BuildId: 1695c17f23bd1ede)
02-13 11:57:35.769 17818 17818 F DEBUG   :       #40 pc 0000000000ea14f4  /data/app/~~5agheAs0dJOnJX8fsNGItg==/com.cumulussoftware.memcpyrepro-uR1jrDzsVP-IW9ipbPlLDQ==/base.apk!libreactnative.so (offset 0x19ec000) (BuildId: 1695c17f23bd1ede)
02-13 11:57:35.769 17818 17818 F DEBUG   :       #41 pc 0000000000ea14d0  /data/app/~~5agheAs0dJOnJX8fsNGItg==/com.cumulussoftware.memcpyrepro-uR1jrDzsVP-IW9ipbPlLDQ==/base.apk!libreactnative.so (offset 0x19ec000) (BuildId: 1695c17f23bd1ede)
02-13 11:57:35.769 17818 17818 F DEBUG   :       #42 pc 0000000000ea063c  /data/app/~~5agheAs0dJOnJX8fsNGItg==/com.cumulussoftware.memcpyrepro-uR1jrDzsVP-IW9ipbPlLDQ==/base.apk!libreactnative.so (offset 0x19ec000) (BuildId: 1695c17f23bd1ede)
02-13 11:57:35.769 17818 17818 F DEBUG   :       #43 pc 0000000000017dd0  /data/app/~~5agheAs0dJOnJX8fsNGItg==/com.cumulussoftware.memcpyrepro-uR1jrDzsVP-IW9ipbPlLDQ==/base.apk!libfbjni.so (offset 0x10e8000) (facebook::jni::detail::MethodWrapper<void (facebook::jni::JNativeRunnable::*)(), &facebook::jni::JNativeRunnable::run(), facebook::jni::JNativeRunnable, void>::dispatch(facebook::jni::alias_ref<facebook::jni::detail::JTypeFor<facebook::jni::HybridClass<facebook::jni::JNativeRunnable, facebook::jni::JRunnable>::JavaPart, facebook::jni::JRunnable, void>::_javaobject*>)+72) (BuildId: e438f6554af1d86b210a05412e96c4251e570157)
02-13 11:57:35.769 17818 17818 F DEBUG   :       #44 pc 0000000000017d10  /data/app/~~5agheAs0dJOnJX8fsNGItg==/com.cumulussoftware.memcpyrepro-uR1jrDzsVP-IW9ipbPlLDQ==/base.apk!libfbjni.so (offset 0x10e8000) (facebook::jni::detail::FunctionWrapper<void (*)(facebook::jni::alias_ref<facebook::jni::detail::JTypeFor<facebook::jni::HybridClass<facebook::jni::JNativeRunnable, facebook::jni::JRunnable>::JavaPart, facebook::jni::JRunnable, void>::_javaobject*>), facebook::jni::detail::JTypeFor<facebook::jni::HybridClass<facebook::jni::JNativeRunnable, facebook::jni::JRunnable>::JavaPart, facebook::jni::JRunnable, void>::_javaobject*, void>::call(_JNIEnv*, _jobject*, void (*)(facebook::jni::alias_ref<facebook::jni::detail::JTypeFor<facebook::jni::HybridClass<facebook::jni::JNativeRunnable, facebook::jni::JRunnable>::JavaPart, facebook::jni::JRunnable, void>::_javaobject*>))+60) (BuildId: e438f6554af1d86b210a05412e96c4251e570157)
02-13 11:57:35.769 17818 17818 F DEBUG   :       #45 pc 0000000000344500  /apex/com.android.art/lib64/libart.so (art_quick_generic_jni_trampoline+144) (BuildId: 80d2ab18f9d259d8e546c1e6bae752b1)
02-13 11:57:35.769 17818 17818 F DEBUG   :       #46 pc 000000000234fd4c  /memfd:jit-cache (deleted) (offset 0x2000000) (android.os.Handler.handleCallback+124)
02-13 11:57:35.769 17818 17818 F DEBUG   :       #47 pc 000000000205e270  /memfd:jit-cache (deleted) (offset 0x2000000) (android.os.Handler.dispatchMessage+128)
02-13 11:57:35.769 17818 17818 F DEBUG   :       #48 pc 000000000032d194  /apex/com.android.art/lib64/libart.so (art_quick_invoke_stub+612) (BuildId: 80d2ab18f9d259d8e546c1e6bae752b1)
02-13 11:57:35.769 17818 17818 F DEBUG   :       #49 pc 000000000067900c  /apex/com.android.art/lib64/libart.so (bool art::interpreter::DoCall<false>(art::ArtMethod*, art::Thread*, art::ShadowFrame&, art::Instruction const*, unsigned short, bool, art::JValue*)+1580) (BuildId: 80d2ab18f9d259d8e546c1e6bae752b1)
02-13 11:57:35.769 17818 17818 F DEBUG   :       #50 pc 00000000005c95d0  /apex/com.android.art/lib64/libart.so (void art::interpreter::ExecuteSwitchImplCpp<false>(art::interpreter::SwitchImplContext*)+868) (BuildId: 80d2ab18f9d259d8e546c1e6bae752b1)
02-13 11:57:35.769 17818 17818 F DEBUG   :       #51 pc 000000000031c9b8  /apex/com.android.art/lib64/libart.so (ExecuteSwitchImplAsm+8) (BuildId: 80d2ab18f9d259d8e546c1e6bae752b1)
02-13 11:57:35.769 17818 17818 F DEBUG   :       #52 pc 0000000000f0edf8  <anonymous:7a61a9d000>
02-13 11:57:35.769 17818 17818 F DEBUG   :       #53 pc 00000000002dc564  /apex/com.android.art/lib64/libart.so (art::interpreter::Execute(art::Thread*, art::CodeItemDataAccessor const&, art::ShadowFrame&, art::JValue, bool, bool) (.__uniq.112435418011751916792819755956732575238.llvm.7923196258099814811)+332) (BuildId: 80d2ab18f9d259d8e546c1e6bae752b1)
02-13 11:57:35.769 17818 17818 F DEBUG   :       #54 pc 00000000002dbd98  /apex/com.android.art/lib64/libart.so (artQuickToInterpreterBridge+888) (BuildId: 80d2ab18f9d259d8e546c1e6bae752b1)
02-13 11:57:35.769 17818 17818 F DEBUG   :       #55 pc 0000000000344638  /apex/com.android.art/lib64/libart.so (art_quick_to_interpreter_bridge+88) (BuildId: 80d2ab18f9d259d8e546c1e6bae752b1)
02-13 11:57:35.769 17818 17818 F DEBUG   :       #56 pc 0000000002051d44  /memfd:jit-cache (deleted) (offset 0x2000000) (android.os.Looper.loopOnce+1300)
02-13 11:57:35.769 17818 17818 F DEBUG   :       #57 pc 00000000020506ec  /memfd:jit-cache (deleted) (offset 0x2000000) (android.os.Looper.loop+252)
02-13 11:57:35.769 17818 17818 F DEBUG   :       #58 pc 000000000032d460  /apex/com.android.art/lib64/libart.so (art_quick_invoke_static_stub+640) (BuildId: 80d2ab18f9d259d8e546c1e6bae752b1)
02-13 11:57:35.769 17818 17818 F DEBUG   :       #59 pc 0000000000679208  /apex/com.android.art/lib64/libart.so (bool art::interpreter::DoCall<false>(art::ArtMethod*, art::Thread*, art::ShadowFrame&, art::Instruction const*, unsigned short, bool, art::JValue*)+2088) (BuildId: 80d2ab18f9d259d8e546c1e6bae752b1)
02-13 11:57:35.769 17818 17818 F DEBUG   :       #60 pc 00000000005c976c  /apex/com.android.art/lib64/libart.so (void art::interpreter::ExecuteSwitchImplCpp<false>(art::interpreter::SwitchImplContext*)+1280) (BuildId: 80d2ab18f9d259d8e546c1e6bae752b1)
02-13 11:57:35.769 17818 17818 F DEBUG   :       #61 pc 000000000031c9b8  /apex/com.android.art/lib64/libart.so (ExecuteSwitchImplAsm+8) (BuildId: 80d2ab18f9d259d8e546c1e6bae752b1)
02-13 11:57:35.769 17818 17818 F DEBUG   :       #62 pc 0000000000f0f158  <anonymous:7a61a9d000>
02-13 11:57:35.769 17818 17818 F DEBUG   :       #63 pc 000000000031c3b0  /apex/com.android.art/lib64/libart.so (art::interpreter::ArtInterpreterToInterpreterBridge(art::Thread*, art::CodeItemDataAccessor const&, art::ShadowFrame*, art::JValue*)+412) (BuildId: 80d2ab18f9d259d8e546c1e6bae752b1)
02-13 11:57:35.769 17818 17818 F DEBUG   :       #64 pc 00000000006791f4  /apex/com.android.art/lib64/libart.so (bool art::interpreter::DoCall<false>(art::ArtMethod*, art::Thread*, art::ShadowFrame&, art::Instruction const*, unsigned short, bool, art::JValue*)+2068) (BuildId: 80d2ab18f9d259d8e546c1e6bae752b1)
02-13 11:57:35.769 17818 17818 F DEBUG   :       #65 pc 00000000005c976c  /apex/com.android.art/lib64/libart.so (void art::interpreter::ExecuteSwitchImplCpp<false>(art::interpreter::SwitchImplContext*)+1280) (BuildId: 80d2ab18f9d259d8e546c1e6bae752b1)
02-13 11:57:35.769 17818 17818 F DEBUG   :       #66 pc 000000000031c9b8  /apex/com.android.art/lib64/libart.so (ExecuteSwitchImplAsm+8) (BuildId: 80d2ab18f9d259d8e546c1e6bae752b1)
02-13 11:57:35.769 17818 17818 F DEBUG   :       #67 pc 0000000000f0f0d0  <anonymous:7a61a9d000>
02-13 11:57:35.769 17818 17818 F DEBUG   :       #68 pc 000000000031c3b0  /apex/com.android.art/lib64/libart.so (art::interpreter::ArtInterpreterToInterpreterBridge(art::Thread*, art::CodeItemDataAccessor const&, art::ShadowFrame*, art::JValue*)+412) (BuildId: 80d2ab18f9d259d8e546c1e6bae752b1)
02-13 11:57:35.769 17818 17818 F DEBUG   :       #69 pc 00000000006791f4  /apex/com.android.art/lib64/libart.so (bool art::interpreter::DoCall<false>(art::ArtMethod*, art::Thread*, art::ShadowFrame&, art::Instruction const*, unsigned short, bool, art::JValue*)+2068) (BuildId: 80d2ab18f9d259d8e546c1e6bae752b1)
02-13 11:57:35.769 17818 17818 F DEBUG   :       #70 pc 00000000005c976c  /apex/com.android.art/lib64/libart.so (void art::interpreter::ExecuteSwitchImplCpp<false>(art::interpreter::SwitchImplContext*)+1280) (BuildId: 80d2ab18f9d259d8e546c1e6bae752b1)
02-13 11:57:35.769 17818 17818 F DEBUG   :       #71 pc 000000000031c9b8  /apex/com.android.art/lib64/libart.so (ExecuteSwitchImplAsm+8) (BuildId: 80d2ab18f9d259d8e546c1e6bae752b1)
02-13 11:57:35.769 17818 17818 F DEBUG   :       #72 pc 0000000000f0eed0  <anonymous:7a61a9d000>
02-13 11:57:35.769 17818 17818 F DEBUG   :       #73 pc 00000000002dc564  /apex/com.android.art/lib64/libart.so (art::interpreter::Execute(art::Thread*, art::CodeItemDataAccessor const&, art::ShadowFrame&, art::JValue, bool, bool) (.__uniq.112435418011751916792819755956732575238.llvm.7923196258099814811)+332) (BuildId: 80d2ab18f9d259d8e546c1e6bae752b1)
02-13 11:57:35.769 17818 17818 F DEBUG   :       #74 pc 00000000002dbd98  /apex/com.android.art/lib64/libart.so (artQuickToInterpreterBridge+888) (BuildId: 80d2ab18f9d259d8e546c1e6bae752b1)
02-13 11:57:35.769 17818 17818 F DEBUG   :       #75 pc 0000000000344638  /apex/com.android.art/lib64/libart.so (art_quick_to_interpreter_bridge+88) (BuildId: 80d2ab18f9d259d8e546c1e6bae752b1)
02-13 11:57:35.769 17818 17818 F DEBUG   :       #76 pc 00000000020046b8  /memfd:jit-cache (deleted) (offset 0x2000000) (java.lang.Thread.run+136)
02-13 11:57:35.769 17818 17818 F DEBUG   :       #77 pc 000000000032d194  /apex/com.android.art/lib64/libart.so (art_quick_invoke_stub+612) (BuildId: 80d2ab18f9d259d8e546c1e6bae752b1)
02-13 11:57:35.769 17818 17818 F DEBUG   :       #78 pc 00000000002de270  /apex/com.android.art/lib64/libart.so (art::ArtMethod::Invoke(art::Thread*, unsigned int*, unsigned int, art::JValue*, char const*)+216) (BuildId: 80d2ab18f9d259d8e546c1e6bae752b1)
02-13 11:57:35.769 17818 17818 F DEBUG   :       #79 pc 00000000004bfcf4  /apex/com.android.art/lib64/libart.so (art::Thread::CreateCallback(void*)+932) (BuildId: 80d2ab18f9d259d8e546c1e6bae752b1)
02-13 11:57:35.769 17818 17818 F DEBUG   :       #80 pc 00000000004bf940  /apex/com.android.art/lib64/libart.so (art::Thread::CreateCallbackWithUffdGc(void*)+8) (BuildId: 80d2ab18f9d259d8e546c1e6bae752b1)
02-13 11:57:35.769 17818 17818 F DEBUG   :       #81 pc 0000000000082600  /apex/com.android.runtime/lib64/bionic/libc.so (__pthread_start(void*)+184) (BuildId: 6a50862a1672da0b4251317f62857e71)
02-13 11:57:35.769 17818 17818 F DEBUG   :       #82 pc 0000000000074a58  /apex/com.android.runtime/lib64/bionic/libc.so (__start_thread+68) (BuildId: 6a50862a1672da0b4251317f62857e71)
